<?xml version="1.0" encoding="UTF-8"?>
<!-- Generated by org.testng.reporters.JUnitXMLReporter -->
<testsuite ignored="0" hostname="LAPTOP-3BL16AQ1" failures="0" tests="8" name="Test" time="30.93" errors="0" timestamp="2023-01-24T07:55:00 IST">
  <testcase classname="TestNG.FirstClassInTestNG" name="enterTextToTheWikipedia" time="0.544"/>
  <testcase classname="TestNG.LoginOrangeHRM_Chrome" name="enterUserName" time="0.837"/>
  <testcase classname="TestNG.LoginOrangeHRM" name="enterUserName" time="1.102"/>
  <testcase classname="TestNG.FirstClassInTestNG" name="clickDate" time="0.256"/>
  <testcase classname="TestNG.LoginOrangeHRM_Chrome" name="enterPassword" time="0.22"/>
  <testcase classname="TestNG.LoginOrangeHRM" name="enterPassword" time="0.197"/>
  <testcase classname="TestNG.LoginOrangeHRM_Chrome" name="clickLogin" time="1.978"/>
  <testcase classname="TestNG.LoginOrangeHRM" name="clickLogin" time="2.609"/>
</testsuite> <!-- Test -->
