<?xml version="1.0" encoding="UTF-8"?>
<!-- Generated by org.testng.reporters.JUnitXMLReporter -->
<testsuite ignored="0" hostname="LAPTOP-3BL16AQ1" failures="0" tests="5" name="Default test" time="32.111" errors="0" timestamp="2023-01-27T08:21:07 IST">
  <testcase classname="Tests.LoginAndLogoutPage" name="enterUserName" time="1.243"/>
  <testcase classname="Tests.LoginAndLogoutPage" name="enterPassword" time="0.428"/>
  <testcase classname="Tests.LoginAndLogoutPage" name="clickLogin" time="1.883"/>
  <testcase classname="Tests.LoginAndLogoutPage" name="clickPaul" time="10.302"/>
  <testcase classname="Tests.LoginAndLogoutPage" name="clickLogout" time="14.037"/>
</testsuite> <!-- Default test -->
