<?xml version="1.0" encoding="UTF-8"?>
<testng-results ignored="0" total="5" passed="5" failed="0" skipped="0">
  <reporter-output>
  </reporter-output>
  <suite started-at="2023-01-27T08:20:34 IST" name="Default suite" finished-at="2023-01-27T08:21:06 IST" duration-ms="32111">
    <groups>
    </groups>
    <test started-at="2023-01-27T08:20:34 IST" name="Default test" finished-at="2023-01-27T08:21:06 IST" duration-ms="32111">
      <class name="Tests.LoginAndLogoutPage">
        <test-method is-config="true" signature="launchBrowser()[pri:0, instance:Tests.LoginAndLogoutPage@55141def]" started-at="2023-01-27T08:20:26 IST" name="launchBrowser" finished-at="2023-01-27T08:20:34 IST" duration-ms="8706" status="PASS">
          <reporter-output>
          </reporter-output>
        </test-method> <!-- launchBrowser -->
        <test-method is-config="true" signature="launchURL()[pri:0, instance:Tests.LoginAndLogoutPage@55141def]" started-at="2023-01-27T08:20:34 IST" name="launchURL" finished-at="2023-01-27T08:20:38 IST" duration-ms="3861" status="PASS">
          <reporter-output>
          </reporter-output>
        </test-method> <!-- launchURL -->
        <test-method is-config="true" signature="wait1()[pri:0, instance:Tests.LoginAndLogoutPage@55141def]" started-at="2023-01-27T08:20:38 IST" name="wait1" finished-at="2023-01-27T08:20:38 IST" duration-ms="25" status="PASS">
          <reporter-output>
          </reporter-output>
        </test-method> <!-- wait1 -->
        <test-method signature="enterUserName()[pri:1, instance:Tests.LoginAndLogoutPage@55141def]" started-at="2023-01-27T08:20:38 IST" name="enterUserName" finished-at="2023-01-27T08:20:40 IST" duration-ms="1243" status="PASS">
          <reporter-output>
          </reporter-output>
        </test-method> <!-- enterUserName -->
        <test-method is-config="true" signature="wait2()[pri:0, instance:Tests.LoginAndLogoutPage@55141def]" started-at="2023-01-27T08:20:40 IST" name="wait2" finished-at="2023-01-27T08:20:40 IST" duration-ms="36" status="PASS">
          <reporter-output>
          </reporter-output>
        </test-method> <!-- wait2 -->
        <test-method is-config="true" signature="wait1()[pri:0, instance:Tests.LoginAndLogoutPage@55141def]" started-at="2023-01-27T08:20:40 IST" name="wait1" finished-at="2023-01-27T08:20:40 IST" duration-ms="10" status="PASS">
          <reporter-output>
          </reporter-output>
        </test-method> <!-- wait1 -->
        <test-method signature="enterPassword()[pri:2, instance:Tests.LoginAndLogoutPage@55141def]" started-at="2023-01-27T08:20:40 IST" name="enterPassword" finished-at="2023-01-27T08:20:40 IST" duration-ms="428" status="PASS">
          <reporter-output>
          </reporter-output>
        </test-method> <!-- enterPassword -->
        <test-method is-config="true" signature="wait2()[pri:0, instance:Tests.LoginAndLogoutPage@55141def]" started-at="2023-01-27T08:20:40 IST" name="wait2" finished-at="2023-01-27T08:20:40 IST" duration-ms="15" status="PASS">
          <reporter-output>
          </reporter-output>
        </test-method> <!-- wait2 -->
        <test-method is-config="true" signature="wait1()[pri:0, instance:Tests.LoginAndLogoutPage@55141def]" started-at="2023-01-27T08:20:40 IST" name="wait1" finished-at="2023-01-27T08:20:40 IST" duration-ms="7" status="PASS">
          <reporter-output>
          </reporter-output>
        </test-method> <!-- wait1 -->
        <test-method signature="clickLogin()[pri:3, instance:Tests.LoginAndLogoutPage@55141def]" started-at="2023-01-27T08:20:40 IST" name="clickLogin" finished-at="2023-01-27T08:20:42 IST" duration-ms="1883" status="PASS">
          <reporter-output>
          </reporter-output>
        </test-method> <!-- clickLogin -->
        <test-method is-config="true" signature="wait2()[pri:0, instance:Tests.LoginAndLogoutPage@55141def]" started-at="2023-01-27T08:20:42 IST" name="wait2" finished-at="2023-01-27T08:20:42 IST" duration-ms="24" status="PASS">
          <reporter-output>
          </reporter-output>
        </test-method> <!-- wait2 -->
        <test-method is-config="true" signature="wait1()[pri:0, instance:Tests.LoginAndLogoutPage@55141def]" started-at="2023-01-27T08:20:42 IST" name="wait1" finished-at="2023-01-27T08:20:42 IST" duration-ms="11" status="PASS">
          <reporter-output>
          </reporter-output>
        </test-method> <!-- wait1 -->
        <test-method signature="clickPaul()[pri:4, instance:Tests.LoginAndLogoutPage@55141def]" started-at="2023-01-27T08:20:42 IST" name="clickPaul" finished-at="2023-01-27T08:20:52 IST" duration-ms="10302" status="PASS">
          <reporter-output>
          </reporter-output>
        </test-method> <!-- clickPaul -->
        <test-method is-config="true" signature="wait2()[pri:0, instance:Tests.LoginAndLogoutPage@55141def]" started-at="2023-01-27T08:20:52 IST" name="wait2" finished-at="2023-01-27T08:20:52 IST" duration-ms="30" status="PASS">
          <reporter-output>
          </reporter-output>
        </test-method> <!-- wait2 -->
        <test-method is-config="true" signature="wait1()[pri:0, instance:Tests.LoginAndLogoutPage@55141def]" started-at="2023-01-27T08:20:52 IST" name="wait1" finished-at="2023-01-27T08:20:52 IST" duration-ms="9" status="PASS">
          <reporter-output>
          </reporter-output>
        </test-method> <!-- wait1 -->
        <test-method signature="clickLogout()[pri:5, instance:Tests.LoginAndLogoutPage@55141def]" started-at="2023-01-27T08:20:52 IST" name="clickLogout" finished-at="2023-01-27T08:21:06 IST" duration-ms="14037" status="PASS">
          <reporter-output>
          </reporter-output>
        </test-method> <!-- clickLogout -->
        <test-method is-config="true" signature="wait2()[pri:0, instance:Tests.LoginAndLogoutPage@55141def]" started-at="2023-01-27T08:21:06 IST" name="wait2" finished-at="2023-01-27T08:21:06 IST" duration-ms="52" status="PASS">
          <reporter-output>
          </reporter-output>
        </test-method> <!-- wait2 -->
        <test-method is-config="true" signature="closeBrowser()[pri:0, instance:Tests.LoginAndLogoutPage@55141def]" started-at="2023-01-27T08:21:07 IST" name="closeBrowser" finished-at="2023-01-27T08:21:11 IST" duration-ms="4466" status="PASS">
          <reporter-output>
          </reporter-output>
        </test-method> <!-- closeBrowser -->
      </class> <!-- Tests.LoginAndLogoutPage -->
    </test> <!-- Default test -->
  </suite> <!-- Default suite -->
</testng-results>
